example/build/app/intermediates/manifest_merge_blame_file/debug/manifest-merger-blame-debug-report.txt
1<?xml version="1.0" encoding="utf-8"?>
2<manifest xmlns:android="http://schemas.android.com/apk/res/android"
3    package="com.hiennv.testing"
4    android:versionCode="1"
5    android:versionName="1.0" >
6
7    <uses-sdk
8        android:minSdkVersion="19"
9        android:targetSdkVersion="33" />
10    <!--
11         Flutter needs it to communicate with the running application
12         to allow setting breakpoints, to provide hot reload, etc.
13    -->
14    <uses-permission android:name="android.permission.INTERNET" />
14-->src\debug\AndroidManifest.xml:6:5-66
14-->src\debug\AndroidManifest.xml:6:22-64
15    <uses-permission android:name="android.permission.WAKE_LOCK" />
15-->[:firebase_messaging] AndroidManifest.xml:10:5-68
15-->[:firebase_messaging] AndroidManifest.xml:10:22-65
16    <uses-permission android:name="android.permission.ACCESS_NETWORK_STATE" /> <!-- Permissions options for the `notification` group -->
16-->[:firebase_messaging] AndroidManifest.xml:11:5-79
16-->[:firebase_messaging] AndroidManifest.xml:11:22-76
17    <uses-permission android:name="android.permission.POST_NOTIFICATIONS" />
17-->[:firebase_messaging] AndroidManifest.xml:13:5-77
17-->[:firebase_messaging] AndroidManifest.xml:13:22-74
18    <uses-permission android:name="android.permission.USE_FULL_SCREEN_INTENT" />
18-->[:flutter_callkit_incoming] AndroidManifest.xml:9:5-81
18-->[:flutter_callkit_incoming] AndroidManifest.xml:9:22-78
19    <uses-permission android:name="android.permission.VIBRATE" />
19-->[:flutter_callkit_incoming] AndroidManifest.xml:11:5-66
19-->[:flutter_callkit_incoming] AndroidManifest.xml:11:22-63
20    <uses-permission android:name="android.permission.ACCESS_NOTIFICATION_POLICY" />
20-->[:flutter_callkit_incoming] AndroidManifest.xml:13:5-85
20-->[:flutter_callkit_incoming] AndroidManifest.xml:13:22-82
21    <uses-permission android:name="android.permission.MANAGE_OWN_CALLS" /> <!-- Required by older versions of Google Play services to create IID tokens -->
21-->[:flutter_callkit_incoming] AndroidManifest.xml:15:5-75
21-->[:flutter_callkit_incoming] AndroidManifest.xml:15:22-72
22    <uses-permission android:name="com.google.android.c2dm.permission.RECEIVE" />
22-->[com.google.firebase:firebase-messaging:23.3.1] AndroidManifest.xml:26:5-82
22-->[com.google.firebase:firebase-messaging:23.3.1] AndroidManifest.xml:26:22-79
23
24    <permission
24-->[androidx.core:core:1.10.0] AndroidManifest.xml:22:5-24:47
25        android:name="com.hiennv.testing.DYNAMIC_RECEIVER_NOT_EXPORTED_PERMISSION"
25-->[androidx.core:core:1.10.0] AndroidManifest.xml:23:9-81
26        android:protectionLevel="signature" />
26-->[androidx.core:core:1.10.0] AndroidManifest.xml:24:9-44
27
28    <uses-permission android:name="com.hiennv.testing.DYNAMIC_RECEIVER_NOT_EXPORTED_PERMISSION" />
28-->[androidx.core:core:1.10.0] AndroidManifest.xml:26:5-97
28-->[androidx.core:core:1.10.0] AndroidManifest.xml:26:22-94
29
30    <application
30-->src\main\AndroidManifest.xml:3:4-41:19
31        android:name="androidx.multidex.MultiDexApplication"
32        android:appComponentFactory="androidx.core.app.CoreComponentFactory"
32-->[androidx.core:core:1.10.0] AndroidManifest.xml:28:18-86
33        android:debuggable="true"
34        android:icon="@mipmap/ic_launcher"
34-->src\main\AndroidManifest.xml:5:9-43
35        android:label="flutter_callkit_incoming_example" >
35-->src\main\AndroidManifest.xml:4:9-57
36        <activity
36-->src\main\AndroidManifest.xml:6:9-35:20
37            android:name="com.example.flutter_callkit_incoming_example.MainActivity"
37-->src\main\AndroidManifest.xml:7:13-41
38            android:configChanges="orientation|keyboardHidden|keyboard|screenSize|smallestScreenSize|locale|layoutDirection|fontScale|screenLayout|density|uiMode"
38-->src\main\AndroidManifest.xml:10:13-163
39            android:exported="true"
39-->src\main\AndroidManifest.xml:12:13-36
40            android:hardwareAccelerated="true"
40-->src\main\AndroidManifest.xml:11:13-47
41            android:launchMode="singleTop"
41-->src\main\AndroidManifest.xml:8:13-43
42            android:theme="@style/LaunchTheme"
42-->src\main\AndroidManifest.xml:9:13-47
43            android:windowSoftInputMode="adjustResize" >
43-->src\main\AndroidManifest.xml:13:13-55
44
45            <!--
46                 Specifies an Android theme to apply to this Activity as soon as
47                 the Android process has started. This theme is visible to the user
48                 while the Flutter UI initializes. After that, this theme continues
49                 to determine the Window background behind the Flutter UI.
50            -->
51            <meta-data
51-->src\main\AndroidManifest.xml:18:13-21:17
52                android:name="io.flutter.embedding.android.NormalTheme"
52-->src\main\AndroidManifest.xml:19:15-70
53                android:resource="@style/NormalTheme" />
53-->src\main\AndroidManifest.xml:20:15-52
54            <!--
55                 Displays an Android View that continues showing the launch screen
56                 Drawable until Flutter paints its first frame, then this splash
57                 screen fades out. A splash screen is useful to avoid any visual
58                 gap between the end of Android's launch screen and the painting of
59                 Flutter's first frame.
60            -->
61            <meta-data
61-->src\main\AndroidManifest.xml:27:13-30:17
62                android:name="io.flutter.embedding.android.SplashScreenDrawable"
62-->src\main\AndroidManifest.xml:28:15-79
63                android:resource="@drawable/launch_background" />
63-->src\main\AndroidManifest.xml:29:15-61
64
65            <intent-filter>
65-->src\main\AndroidManifest.xml:31:13-34:29
66                <action android:name="android.intent.action.MAIN" />
66-->src\main\AndroidManifest.xml:32:17-68
66-->src\main\AndroidManifest.xml:32:25-66
67
68                <category android:name="android.intent.category.LAUNCHER" />
68-->src\main\AndroidManifest.xml:33:17-76
68-->src\main\AndroidManifest.xml:33:27-74
69            </intent-filter>
70        </activity>
71        <!--
72             Don't delete the meta-data below.
73             This is used by the Flutter tool to generate GeneratedPluginRegistrant.java
74        -->
75        <meta-data
75-->src\main\AndroidManifest.xml:38:9-40:33
76            android:name="flutterEmbedding"
76-->src\main\AndroidManifest.xml:39:13-44
77            android:value="2" />
77-->src\main\AndroidManifest.xml:40:13-30
78
79        <service
79-->[:firebase_messaging] AndroidManifest.xml:16:9-19:72
80            android:name="io.flutter.plugins.firebase.messaging.FlutterFirebaseMessagingBackgroundService"
80-->[:firebase_messaging] AndroidManifest.xml:17:13-107
81            android:exported="false"
81-->[:firebase_messaging] AndroidManifest.xml:18:13-37
82            android:permission="android.permission.BIND_JOB_SERVICE" />
82-->[:firebase_messaging] AndroidManifest.xml:19:13-69
83        <service
83-->[:firebase_messaging] AndroidManifest.xml:20:9-26:19
84            android:name="io.flutter.plugins.firebase.messaging.FlutterFirebaseMessagingService"
84-->[:firebase_messaging] AndroidManifest.xml:21:13-97
85            android:exported="false" >
85-->[:firebase_messaging] AndroidManifest.xml:22:13-37
86            <intent-filter>
86-->[:firebase_messaging] AndroidManifest.xml:23:13-25:29
87                <action android:name="com.google.firebase.MESSAGING_EVENT" />
87-->[:firebase_messaging] AndroidManifest.xml:24:17-78
87-->[:firebase_messaging] AndroidManifest.xml:24:25-75
88            </intent-filter>
89        </service>
90
91        <receiver
91-->[:firebase_messaging] AndroidManifest.xml:28:9-35:20
92            android:name="io.flutter.plugins.firebase.messaging.FlutterFirebaseMessagingReceiver"
92-->[:firebase_messaging] AndroidManifest.xml:29:13-98
93            android:exported="true"
93-->[:firebase_messaging] AndroidManifest.xml:30:13-36
94            android:permission="com.google.android.c2dm.permission.SEND" >
94-->[:firebase_messaging] AndroidManifest.xml:31:13-73
95            <intent-filter>
95-->[:firebase_messaging] AndroidManifest.xml:32:13-34:29
96                <action android:name="com.google.android.c2dm.intent.RECEIVE" />
96-->[:firebase_messaging] AndroidManifest.xml:33:17-81
96-->[:firebase_messaging] AndroidManifest.xml:33:25-78
97            </intent-filter>
98        </receiver>
99
100        <service
100-->[:firebase_messaging] AndroidManifest.xml:37:9-41:19
101            android:name="com.google.firebase.components.ComponentDiscoveryService"
101-->[:firebase_messaging] AndroidManifest.xml:37:18-89
102            android:directBootAware="true"
102-->[com.google.firebase:firebase-common:20.4.2] AndroidManifest.xml:32:13-43
103            android:exported="false" >
103-->[com.google.firebase:firebase-messaging:23.3.1] AndroidManifest.xml:56:13-37
104            <meta-data
104-->[:firebase_messaging] AndroidManifest.xml:38:13-40:85
105                android:name="com.google.firebase.components:io.flutter.plugins.firebase.messaging.FlutterFirebaseAppRegistrar"
105-->[:firebase_messaging] AndroidManifest.xml:39:17-128
106                android:value="com.google.firebase.components.ComponentRegistrar" />
106-->[:firebase_messaging] AndroidManifest.xml:40:17-82
107            <meta-data
107-->[:firebase_core] AndroidManifest.xml:11:13-13:85
108                android:name="com.google.firebase.components:io.flutter.plugins.firebase.core.FlutterFirebaseCoreRegistrar"
108-->[:firebase_core] AndroidManifest.xml:12:17-124
109                android:value="com.google.firebase.components.ComponentRegistrar" />
109-->[:firebase_core] AndroidManifest.xml:13:17-82
110            <meta-data
110-->[com.google.firebase:firebase-messaging:23.3.1] AndroidManifest.xml:57:13-59:85
111                android:name="com.google.firebase.components:com.google.firebase.messaging.FirebaseMessagingKtxRegistrar"
111-->[com.google.firebase:firebase-messaging:23.3.1] AndroidManifest.xml:58:17-122
112                android:value="com.google.firebase.components.ComponentRegistrar" />
112-->[com.google.firebase:firebase-messaging:23.3.1] AndroidManifest.xml:59:17-82
113            <meta-data
113-->[com.google.firebase:firebase-messaging:23.3.1] AndroidManifest.xml:60:13-62:85
114                android:name="com.google.firebase.components:com.google.firebase.messaging.FirebaseMessagingRegistrar"
114-->[com.google.firebase:firebase-messaging:23.3.1] AndroidManifest.xml:61:17-119
115                android:value="com.google.firebase.components.ComponentRegistrar" />
115-->[com.google.firebase:firebase-messaging:23.3.1] AndroidManifest.xml:62:17-82
116            <meta-data
116-->[com.google.firebase:firebase-iid:21.1.0] AndroidManifest.xml:32:13-34:85
117                android:name="com.google.firebase.components:com.google.firebase.iid.Registrar"
117-->[com.google.firebase:firebase-iid:21.1.0] AndroidManifest.xml:33:17-96
118                android:value="com.google.firebase.components.ComponentRegistrar" />
118-->[com.google.firebase:firebase-iid:21.1.0] AndroidManifest.xml:34:17-82
119            <meta-data
119-->[com.google.firebase:firebase-installations:17.2.0] AndroidManifest.xml:15:13-17:85
120                android:name="com.google.firebase.components:com.google.firebase.installations.FirebaseInstallationsKtxRegistrar"
120-->[com.google.firebase:firebase-installations:17.2.0] AndroidManifest.xml:16:17-130
121                android:value="com.google.firebase.components.ComponentRegistrar" />
121-->[com.google.firebase:firebase-installations:17.2.0] AndroidManifest.xml:17:17-82
122            <meta-data
122-->[com.google.firebase:firebase-installations:17.2.0] AndroidManifest.xml:18:13-20:85
123                android:name="com.google.firebase.components:com.google.firebase.installations.FirebaseInstallationsRegistrar"
123-->[com.google.firebase:firebase-installations:17.2.0] AndroidManifest.xml:19:17-127
124                android:value="com.google.firebase.components.ComponentRegistrar" />
124-->[com.google.firebase:firebase-installations:17.2.0] AndroidManifest.xml:20:17-82
125            <meta-data
125-->[com.google.firebase:firebase-common-ktx:20.4.2] AndroidManifest.xml:12:13-14:85
126                android:name="com.google.firebase.components:com.google.firebase.ktx.FirebaseCommonLegacyRegistrar"
126-->[com.google.firebase:firebase-common-ktx:20.4.2] AndroidManifest.xml:13:17-116
127                android:value="com.google.firebase.components.ComponentRegistrar" />
127-->[com.google.firebase:firebase-common-ktx:20.4.2] AndroidManifest.xml:14:17-82
128            <meta-data
128-->[com.google.firebase:firebase-common:20.4.2] AndroidManifest.xml:35:13-37:85
129                android:name="com.google.firebase.components:com.google.firebase.FirebaseCommonKtxRegistrar"
129-->[com.google.firebase:firebase-common:20.4.2] AndroidManifest.xml:36:17-109
130                android:value="com.google.firebase.components.ComponentRegistrar" />
130-->[com.google.firebase:firebase-common:20.4.2] AndroidManifest.xml:37:17-82
131            <meta-data
131-->[com.google.firebase:firebase-datatransport:18.1.7] AndroidManifest.xml:27:13-29:85
132                android:name="com.google.firebase.components:com.google.firebase.datatransport.TransportRegistrar"
132-->[com.google.firebase:firebase-datatransport:18.1.7] AndroidManifest.xml:28:17-115
133                android:value="com.google.firebase.components.ComponentRegistrar" />
133-->[com.google.firebase:firebase-datatransport:18.1.7] AndroidManifest.xml:29:17-82
134        </service>
135
136        <provider
136-->[:firebase_messaging] AndroidManifest.xml:43:9-47:38
137            android:name="io.flutter.plugins.firebase.messaging.FlutterFirebaseMessagingInitProvider"
137-->[:firebase_messaging] AndroidManifest.xml:44:13-102
138            android:authorities="com.hiennv.testing.flutterfirebasemessaginginitprovider"
138-->[:firebase_messaging] AndroidManifest.xml:45:13-88
139            android:exported="false"
139-->[:firebase_messaging] AndroidManifest.xml:46:13-37
140            android:initOrder="99" />
140-->[:firebase_messaging] AndroidManifest.xml:47:13-35
141
142        <activity
142-->[:flutter_callkit_incoming] AndroidManifest.xml:18:9-34:20
143            android:name="com.hiennv.flutter_callkit_incoming.CallkitIncomingActivity"
143-->[:flutter_callkit_incoming] AndroidManifest.xml:19:13-87
144            android:configChanges="orientation"
144-->[:flutter_callkit_incoming] AndroidManifest.xml:20:13-48
145            android:excludeFromRecents="true"
145-->[:flutter_callkit_incoming] AndroidManifest.xml:21:13-46
146            android:exported="true"
146-->[:flutter_callkit_incoming] AndroidManifest.xml:22:13-36
147            android:noHistory="true"
147-->[:flutter_callkit_incoming] AndroidManifest.xml:23:13-37
148            android:showOnLockScreen="true"
148-->[:flutter_callkit_incoming] AndroidManifest.xml:24:13-44
149            android:showWhenLocked="true"
149-->[:flutter_callkit_incoming] AndroidManifest.xml:25:13-42
150            android:taskAffinity="com.hiennv.flutter_callkit_incoming.INCOMING_CALL_AFFINITY"
150-->[:flutter_callkit_incoming] AndroidManifest.xml:26:13-94
151            android:theme="@style/CallkitIncomingTheme"
151-->[:flutter_callkit_incoming] AndroidManifest.xml:27:13-56
152            android:turnScreenOn="true" >
152-->[:flutter_callkit_incoming] AndroidManifest.xml:28:13-40
153            <intent-filter>
153-->[:flutter_callkit_incoming] AndroidManifest.xml:29:13-33:29
154                <action android:name="com.hiennv.testing.com.hiennv.flutter_callkit_incoming.ACTION_CALL_INCOMING" />
154-->[:flutter_callkit_incoming] AndroidManifest.xml:30:17-116
154-->[:flutter_callkit_incoming] AndroidManifest.xml:30:25-113
155
156                <category android:name="android.intent.category.DEFAULT" />
156-->[:flutter_callkit_incoming] AndroidManifest.xml:32:17-76
156-->[:flutter_callkit_incoming] AndroidManifest.xml:32:27-73
157            </intent-filter>
158        </activity>
159        <activity
159-->[:flutter_callkit_incoming] AndroidManifest.xml:35:9-38:55
160            android:name="com.hiennv.flutter_callkit_incoming.TransparentActivity"
160-->[:flutter_callkit_incoming] AndroidManifest.xml:36:13-83
161            android:exported="false"
161-->[:flutter_callkit_incoming] AndroidManifest.xml:37:13-37
162            android:theme="@style/TranslucentTheme" />
162-->[:flutter_callkit_incoming] AndroidManifest.xml:38:13-52
163
164        <receiver
164-->[:flutter_callkit_incoming] AndroidManifest.xml:40:9-51:20
165            android:name="com.hiennv.flutter_callkit_incoming.CallkitIncomingBroadcastReceiver"
165-->[:flutter_callkit_incoming] AndroidManifest.xml:41:13-96
166            android:enabled="true"
166-->[:flutter_callkit_incoming] AndroidManifest.xml:42:13-35
167            android:exported="true" >
167-->[:flutter_callkit_incoming] AndroidManifest.xml:43:13-36
168            <intent-filter>
168-->[:flutter_callkit_incoming] AndroidManifest.xml:44:13-50:29
169                <action android:name="com.hiennv.testing.com.hiennv.flutter_callkit_incoming.ACTION_CALL_INCOMING" />
169-->[:flutter_callkit_incoming] AndroidManifest.xml:30:17-116
169-->[:flutter_callkit_incoming] AndroidManifest.xml:30:25-113
170                <action android:name="com.hiennv.testing.com.hiennv.flutter_callkit_incoming.ACTION_CALL_ACCEPT" />
170-->[:flutter_callkit_incoming] AndroidManifest.xml:46:17-114
170-->[:flutter_callkit_incoming] AndroidManifest.xml:46:25-111
171                <action android:name="com.hiennv.testing.com.hiennv.flutter_callkit_incoming.ACTION_CALL_DECLINE" />
171-->[:flutter_callkit_incoming] AndroidManifest.xml:47:17-115
171-->[:flutter_callkit_incoming] AndroidManifest.xml:47:25-112
172                <action android:name="com.hiennv.testing.com.hiennv.flutter_callkit_incoming.ACTION_CALL_ENDED" />
172-->[:flutter_callkit_incoming] AndroidManifest.xml:48:17-113
172-->[:flutter_callkit_incoming] AndroidManifest.xml:48:25-110
173                <action android:name="com.hiennv.testing.com.hiennv.flutter_callkit_incoming.ACTION_CALL_TIMEOUT" />
173-->[:flutter_callkit_incoming] AndroidManifest.xml:49:17-115
173-->[:flutter_callkit_incoming] AndroidManifest.xml:49:25-112
174            </intent-filter>
175        </receiver>
176
177        <service
177-->[:flutter_callkit_incoming] AndroidManifest.xml:53:9-56:39
178            android:name="com.hiennv.flutter_callkit_incoming.CallkitSoundPlayerService"
178-->[:flutter_callkit_incoming] AndroidManifest.xml:54:13-89
179            android:enabled="true"
179-->[:flutter_callkit_incoming] AndroidManifest.xml:55:13-35
180            android:exported="true" />
180-->[:flutter_callkit_incoming] AndroidManifest.xml:56:13-36
181        <service
181-->[:flutter_callkit_incoming] AndroidManifest.xml:57:9-65:19
182            android:name="com.hiennv.flutter_callkit_incoming.telecom.TelecomConnectionService"
182-->[:flutter_callkit_incoming] AndroidManifest.xml:58:13-96
183            android:enabled="true"
183-->[:flutter_callkit_incoming] AndroidManifest.xml:59:13-35
184            android:exported="true"
184-->[:flutter_callkit_incoming] AndroidManifest.xml:60:13-36
185            android:permission="android.permission.BIND_TELECOM_CONNECTION_SERVICE" >
185-->[:flutter_callkit_incoming] AndroidManifest.xml:61:13-84
186            <intent-filter>
186-->[:flutter_callkit_incoming] AndroidManifest.xml:62:13-64:29
187                <action android:name="android.telecom.ConnectionService" />
187-->[:flutter_callkit_incoming] AndroidManifest.xml:63:17-76
187-->[:flutter_callkit_incoming] AndroidManifest.xml:63:25-73
188            </intent-filter>
189        </service>
190
191        <receiver
191-->[com.google.firebase:firebase-messaging:23.3.1] AndroidManifest.xml:29:9-40:20
192            android:name="com.google.firebase.iid.FirebaseInstanceIdReceiver"
192-->[com.google.firebase:firebase-messaging:23.3.1] AndroidManifest.xml:30:13-78
193            android:exported="true"
193-->[com.google.firebase:firebase-messaging:23.3.1] AndroidManifest.xml:31:13-36
194            android:permission="com.google.android.c2dm.permission.SEND" >
194-->[com.google.firebase:firebase-messaging:23.3.1] AndroidManifest.xml:32:13-73
195            <intent-filter>
195-->[:firebase_messaging] AndroidManifest.xml:32:13-34:29
196                <action android:name="com.google.android.c2dm.intent.RECEIVE" />
196-->[:firebase_messaging] AndroidManifest.xml:33:17-81
196-->[:firebase_messaging] AndroidManifest.xml:33:25-78
197            </intent-filter>
198
199            <meta-data
199-->[com.google.firebase:firebase-messaging:23.3.1] AndroidManifest.xml:37:13-39:40
200                android:name="com.google.android.gms.cloudmessaging.FINISHED_AFTER_HANDLED"
200-->[com.google.firebase:firebase-messaging:23.3.1] AndroidManifest.xml:38:17-92
201                android:value="true" />
201-->[com.google.firebase:firebase-messaging:23.3.1] AndroidManifest.xml:39:17-37
202        </receiver>
203        <!--
204             FirebaseMessagingService performs security checks at runtime,
205             but set to not exported to explicitly avoid allowing another app to call it.
206        -->
207        <service
207-->[com.google.firebase:firebase-messaging:23.3.1] AndroidManifest.xml:46:9-53:19
208            android:name="com.google.firebase.messaging.FirebaseMessagingService"
208-->[com.google.firebase:firebase-messaging:23.3.1] AndroidManifest.xml:47:13-82
209            android:directBootAware="true"
209-->[com.google.firebase:firebase-messaging:23.3.1] AndroidManifest.xml:48:13-43
210            android:exported="false" >
210-->[com.google.firebase:firebase-messaging:23.3.1] AndroidManifest.xml:49:13-37
211            <intent-filter android:priority="-500" >
211-->[:firebase_messaging] AndroidManifest.xml:23:13-25:29
212                <action android:name="com.google.firebase.MESSAGING_EVENT" />
212-->[:firebase_messaging] AndroidManifest.xml:24:17-78
212-->[:firebase_messaging] AndroidManifest.xml:24:25-75
213            </intent-filter>
214        </service>
215
216        <provider
216-->[com.google.firebase:firebase-common:20.4.2] AndroidManifest.xml:23:9-28:39
217            android:name="com.google.firebase.provider.FirebaseInitProvider"
217-->[com.google.firebase:firebase-common:20.4.2] AndroidManifest.xml:24:13-77
218            android:authorities="com.hiennv.testing.firebaseinitprovider"
218-->[com.google.firebase:firebase-common:20.4.2] AndroidManifest.xml:25:13-72
219            android:directBootAware="true"
219-->[com.google.firebase:firebase-common:20.4.2] AndroidManifest.xml:26:13-43
220            android:exported="false"
220-->[com.google.firebase:firebase-common:20.4.2] AndroidManifest.xml:27:13-37
221            android:initOrder="100" />
221-->[com.google.firebase:firebase-common:20.4.2] AndroidManifest.xml:28:13-36
222
223        <uses-library
223-->[androidx.window:window:1.0.0-beta04] AndroidManifest.xml:25:9-27:40
224            android:name="androidx.window.extensions"
224-->[androidx.window:window:1.0.0-beta04] AndroidManifest.xml:26:13-54
225            android:required="false" />
225-->[androidx.window:window:1.0.0-beta04] AndroidManifest.xml:27:13-37
226        <uses-library
226-->[androidx.window:window:1.0.0-beta04] AndroidManifest.xml:28:9-30:40
227            android:name="androidx.window.sidecar"
227-->[androidx.window:window:1.0.0-beta04] AndroidManifest.xml:29:13-51
228            android:required="false" />
228-->[androidx.window:window:1.0.0-beta04] AndroidManifest.xml:30:13-37
229
230        <activity
230-->[com.google.android.gms:play-services-base:18.0.1] AndroidManifest.xml:20:9-22:45
231            android:name="com.google.android.gms.common.api.GoogleApiActivity"
231-->[com.google.android.gms:play-services-base:18.0.1] AndroidManifest.xml:20:19-85
232            android:exported="false"
232-->[com.google.android.gms:play-services-base:18.0.1] AndroidManifest.xml:22:19-43
233            android:theme="@android:style/Theme.Translucent.NoTitleBar" />
233-->[com.google.android.gms:play-services-base:18.0.1] AndroidManifest.xml:21:19-78
234
235        <meta-data
235-->[com.google.android.gms:play-services-basement:18.1.0] AndroidManifest.xml:21:9-23:69
236            android:name="com.google.android.gms.version"
236-->[com.google.android.gms:play-services-basement:18.1.0] AndroidManifest.xml:22:13-58
237            android:value="@integer/google_play_services_version" />
237-->[com.google.android.gms:play-services-basement:18.1.0] AndroidManifest.xml:23:13-66
238
239        <provider
239-->[androidx.emoji2:emoji2:1.2.0] AndroidManifest.xml:24:9-32:20
240            android:name="androidx.startup.InitializationProvider"
240-->[androidx.emoji2:emoji2:1.2.0] AndroidManifest.xml:25:13-67
241            android:authorities="com.hiennv.testing.androidx-startup"
241-->[androidx.emoji2:emoji2:1.2.0] AndroidManifest.xml:26:13-68
242            android:exported="false" >
242-->[androidx.emoji2:emoji2:1.2.0] AndroidManifest.xml:27:13-37
243            <meta-data
243-->[androidx.emoji2:emoji2:1.2.0] AndroidManifest.xml:29:13-31:52
244                android:name="androidx.emoji2.text.EmojiCompatInitializer"
244-->[androidx.emoji2:emoji2:1.2.0] AndroidManifest.xml:30:17-75
245                android:value="androidx.startup" />
245-->[androidx.emoji2:emoji2:1.2.0] AndroidManifest.xml:31:17-49
246            <meta-data
246-->[androidx.lifecycle:lifecycle-process:2.4.1] AndroidManifest.xml:31:13-33:52
247                android:name="androidx.lifecycle.ProcessLifecycleInitializer"
247-->[androidx.lifecycle:lifecycle-process:2.4.1] AndroidManifest.xml:32:17-78
248                android:value="androidx.startup" />
248-->[androidx.lifecycle:lifecycle-process:2.4.1] AndroidManifest.xml:33:17-49
249        </provider>
250        <provider
250-->[com.squareup.picasso:picasso:2.71828] AndroidManifest.xml:8:9-11:40
251            android:name="com.squareup.picasso.PicassoProvider"
251-->[com.squareup.picasso:picasso:2.71828] AndroidManifest.xml:9:13-64
252            android:authorities="com.hiennv.testing.com.squareup.picasso"
252-->[com.squareup.picasso:picasso:2.71828] AndroidManifest.xml:10:13-72
253            android:exported="false" />
253-->[com.squareup.picasso:picasso:2.71828] AndroidManifest.xml:11:13-37
254
255        <service
255-->[com.google.android.datatransport:transport-backend-cct:3.1.8] AndroidManifest.xml:28:9-34:19
256            android:name="com.google.android.datatransport.runtime.backends.TransportBackendDiscovery"
256-->[com.google.android.datatransport:transport-backend-cct:3.1.8] AndroidManifest.xml:29:13-103
257            android:exported="false" >
257-->[com.google.android.datatransport:transport-backend-cct:3.1.8] AndroidManifest.xml:30:13-37
258            <meta-data
258-->[com.google.android.datatransport:transport-backend-cct:3.1.8] AndroidManifest.xml:31:13-33:39
259                android:name="backend:com.google.android.datatransport.cct.CctBackendFactory"
259-->[com.google.android.datatransport:transport-backend-cct:3.1.8] AndroidManifest.xml:32:17-94
260                android:value="cct" />
260-->[com.google.android.datatransport:transport-backend-cct:3.1.8] AndroidManifest.xml:33:17-36
261        </service>
262        <service
262-->[com.google.android.datatransport:transport-runtime:3.1.8] AndroidManifest.xml:26:9-30:19
263            android:name="com.google.android.datatransport.runtime.scheduling.jobscheduling.JobInfoSchedulerService"
263-->[com.google.android.datatransport:transport-runtime:3.1.8] AndroidManifest.xml:27:13-117
264            android:exported="false"
264-->[com.google.android.datatransport:transport-runtime:3.1.8] AndroidManifest.xml:28:13-37
265            android:permission="android.permission.BIND_JOB_SERVICE" >
265-->[com.google.android.datatransport:transport-runtime:3.1.8] AndroidManifest.xml:29:13-69
266        </service>
267
268        <receiver
268-->[com.google.android.datatransport:transport-runtime:3.1.8] AndroidManifest.xml:32:9-34:40
269            android:name="com.google.android.datatransport.runtime.scheduling.jobscheduling.AlarmManagerSchedulerBroadcastReceiver"
269-->[com.google.android.datatransport:transport-runtime:3.1.8] AndroidManifest.xml:33:13-132
270            android:exported="false" />
270-->[com.google.android.datatransport:transport-runtime:3.1.8] AndroidManifest.xml:34:13-37
271    </application>
272
273</manifest>